[debug] [2018-05-07T16:09:56.292Z] ----------------------------------------------------------------------
[debug] [2018-05-07T16:09:56.295Z] Command:       /usr/local/bin/node /usr/local/bin/firebase serve
[debug] [2018-05-07T16:09:56.295Z] CLI Version:   3.18.4
[debug] [2018-05-07T16:09:56.295Z] Platform:      darwin
[debug] [2018-05-07T16:09:56.295Z] Node Version:  v8.11.1
[debug] [2018-05-07T16:09:56.296Z] Time:          Mon May 07 2018 12:09:56 GMT-0400 (EDT)
[debug] [2018-05-07T16:09:56.296Z] ----------------------------------------------------------------------
[debug] 
[debug] [2018-05-07T16:09:56.357Z] > command requires scopes: ["email","openid","https://www.googleapis.com/auth/cloudplatformprojects.readonly","https://www.googleapis.com/auth/firebase","https://www.googleapis.com/auth/cloud-platform"]
[debug] [2018-05-07T16:09:56.358Z] > authorizing via signed-in user
[debug] [2018-05-07T16:09:56.360Z] >>> HTTP REQUEST GET https://admin.firebase.com/v1/projects/movie-query-api  
  
 Mon May 07 2018 12:09:56 GMT-0400 (EDT)
[debug] [2018-05-07T16:09:56.739Z] <<< HTTP RESPONSE 200
[debug] [2018-05-07T16:09:56.740Z] >>> HTTP REQUEST GET https://admin.firebase.com/v1/database/movie-query-api/tokens  
  
 Mon May 07 2018 12:09:56 GMT-0400 (EDT)
[debug] [2018-05-07T16:09:57.094Z] <<< HTTP RESPONSE 200
[debug] [2018-05-07T16:09:57.095Z] >>> HTTP REQUEST GET https://cloudresourcemanager.googleapis.com/v1/projects/movie-query-api  
  
 Mon May 07 2018 12:09:57 GMT-0400 (EDT)
[debug] [2018-05-07T16:09:57.568Z] <<< HTTP RESPONSE 200
[info] 
[info] === Serving from '/Users/tmgog/Documents/Tinker-folder/tmdb-api'...
[info] 
[info] i  functions: Preparing to emulate functions.
[debug] [2018-05-07T16:10:05.379Z] Fetching environment
[debug] [2018-05-07T16:10:05.553Z] Error: EACCES: permission denied, open '/Users/tmgog/.config/gcloud/application_default_credentials.json'
    at Object.fs.openSync (fs.js:646:18)
    at Object.fs.writeFileSync (fs.js:1299:33)
    at module.exports (/usr/local/lib/node_modules/firebase-tools/lib/ensureDefaultCredentials.js:42:6)
    at FunctionsEmulator.start (/usr/local/lib/node_modules/firebase-tools/lib/functionsEmulator.js:116:3)
    at Object.start (/usr/local/lib/node_modules/firebase-tools/lib/serve/functions.js:9:29)
    at /usr/local/lib/node_modules/firebase-tools/lib/serve/index.js:17:21
    at arrayMap (/usr/local/lib/node_modules/firebase-tools/node_modules/lodash/lodash.js:639:23)
    at Function.map (/usr/local/lib/node_modules/firebase-tools/node_modules/lodash/lodash.js:9554:14)
    at _serve (/usr/local/lib/node_modules/firebase-tools/lib/serve/index.js:15:7)
    at Command._action (/usr/local/lib/node_modules/firebase-tools/commands/serve.js:48:12)
[error] 
[error] Error: An unexpected error has occurred.
[debug] [2018-05-07T16:10:22.334Z] ----------------------------------------------------------------------
[debug] [2018-05-07T16:10:22.336Z] Command:       /usr/local/bin/node /usr/local/bin/firebase serve
[debug] [2018-05-07T16:10:22.337Z] CLI Version:   3.18.4
[debug] [2018-05-07T16:10:22.337Z] Platform:      darwin
[debug] [2018-05-07T16:10:22.337Z] Node Version:  v8.11.1
[debug] [2018-05-07T16:10:22.337Z] Time:          Mon May 07 2018 12:10:22 GMT-0400 (EDT)
[debug] [2018-05-07T16:10:22.337Z] ----------------------------------------------------------------------
[debug] 
[debug] [2018-05-07T16:10:22.407Z] > command requires scopes: ["email","openid","https://www.googleapis.com/auth/cloudplatformprojects.readonly","https://www.googleapis.com/auth/firebase","https://www.googleapis.com/auth/cloud-platform"]
[debug] [2018-05-07T16:10:22.407Z] > authorizing via signed-in user
[debug] [2018-05-07T16:10:22.410Z] >>> HTTP REQUEST GET https://admin.firebase.com/v1/projects/movie-query-api  
  
 Mon May 07 2018 12:10:22 GMT-0400 (EDT)
[debug] [2018-05-07T16:10:22.777Z] <<< HTTP RESPONSE 200
[debug] [2018-05-07T16:10:22.778Z] >>> HTTP REQUEST GET https://admin.firebase.com/v1/database/movie-query-api/tokens  
  
 Mon May 07 2018 12:10:22 GMT-0400 (EDT)
[debug] [2018-05-07T16:10:23.188Z] <<< HTTP RESPONSE 200
[debug] [2018-05-07T16:10:23.190Z] >>> HTTP REQUEST GET https://cloudresourcemanager.googleapis.com/v1/projects/movie-query-api  
  
 Mon May 07 2018 12:10:23 GMT-0400 (EDT)
[debug] [2018-05-07T16:10:23.852Z] <<< HTTP RESPONSE 200
[info] 
[info] === Serving from '/Users/tmgog/Documents/Tinker-folder/tmdb-api'...
[info] 
[info] i  functions: Preparing to emulate functions.
[debug] [2018-05-07T16:10:28.910Z] Fetching environment
[debug] [2018-05-07T16:10:28.920Z] >>> HTTP REQUEST GET https://mobilesdk-pa.googleapis.com/v1/projects/650571545276:getServerAppConfig  
  
 Mon May 07 2018 12:10:28 GMT-0400 (EDT)
[debug] [2018-05-07T16:10:28.920Z] >>> HTTP REQUEST GET https://mobilesdk-pa.googleapis.com/v1/projects/650571545276/clients/_:getWebAppConfig  
  
 Mon May 07 2018 12:10:28 GMT-0400 (EDT)
[debug] [2018-05-07T16:10:29.501Z] <<< HTTP RESPONSE 200
[debug] [2018-05-07T16:10:29.642Z] <<< HTTP RESPONSE 200
[debug] [2018-05-07T16:10:29.642Z] Starting @google-cloud/functions-emulator
[info] i  hosting: Serving hosting files from: public
[info] ✔  hosting: Local server: http://localhost:5000

[debug] [2018-05-07T16:10:42.076Z] Parsing function triggers
